{"level":"warn","message":"NTFY_SERVER or NTFY_TOPIC not configured. Notifications will be disabled.","service":"twitter-monitor","timestamp":"2025-07-20 14:59:55"}
{"level":"info","message":"Server is running on http://localhost:3000","service":"twitter-monitor","timestamp":"2025-07-20 14:59:55"}
{"level":"info","message":"Access the dashboard at /","service":"twitter-monitor","timestamp":"2025-07-20 14:59:55"}
{"level":"info","message":"数据库连接成功","service":"twitter-monitor","timestamp":"2025-07-20 14:59:55"}
{"level":"warn","message":"NTFY_SERVER or NTFY_TOPIC not configured. Notifications will be disabled.","service":"twitter-monitor","timestamp":"2025-07-20 15:00:53"}
{"level":"info","message":"Server is running on http://localhost:3000","service":"twitter-monitor","timestamp":"2025-07-20 15:00:53"}
{"level":"info","message":"Access the dashboard at /","service":"twitter-monitor","timestamp":"2025-07-20 15:00:53"}
{"level":"info","message":"数据库连接成功","service":"twitter-monitor","timestamp":"2025-07-20 15:00:53"}
{"level":"error","message":"Error fetching dashboard stats: db.getAllTwitterAccounts is not a function","service":"twitter-monitor","stack":"TypeError: db.getAllTwitterAccounts is not a function\n    at /Users/goldenli/Documents/github/cyber-monitor/src/app.js:25:50\n    at Layer.handle [as handle_request] (/Users/goldenli/Documents/github/cyber-monitor/node_modules/express/lib/router/layer.js:95:5)\n    at next (/Users/goldenli/Documents/github/cyber-monitor/node_modules/express/lib/router/route.js:149:13)\n    at Route.dispatch (/Users/goldenli/Documents/github/cyber-monitor/node_modules/express/lib/router/route.js:119:3)\n    at Layer.handle [as handle_request] (/Users/goldenli/Documents/github/cyber-monitor/node_modules/express/lib/router/layer.js:95:5)\n    at /Users/goldenli/Documents/github/cyber-monitor/node_modules/express/lib/router/index.js:284:15\n    at Function.process_params (/Users/goldenli/Documents/github/cyber-monitor/node_modules/express/lib/router/index.js:346:12)\n    at next (/Users/goldenli/Documents/github/cyber-monitor/node_modules/express/lib/router/index.js:280:10)\n    at SendStream.error (/Users/goldenli/Documents/github/cyber-monitor/node_modules/serve-static/index.js:121:7)\n    at SendStream.emit (node:events:507:28)","timestamp":"2025-07-20 15:01:03"}
{"level":"warn","message":"NTFY_SERVER or NTFY_TOPIC not configured. Notifications will be disabled.","service":"twitter-monitor","timestamp":"2025-07-20 15:01:38"}
{"level":"info","message":"Server is running on http://localhost:3000","service":"twitter-monitor","timestamp":"2025-07-20 15:01:38"}
{"level":"info","message":"Access the dashboard at /","service":"twitter-monitor","timestamp":"2025-07-20 15:01:38"}
{"level":"info","message":"数据库连接成功","service":"twitter-monitor","timestamp":"2025-07-20 15:01:38"}
{"level":"warn","message":"NTFY_SERVER or NTFY_TOPIC not configured. Notifications will be disabled.","service":"twitter-monitor","timestamp":"2025-07-20 15:03:15"}
{"level":"info","message":"Server is running on http://localhost:3000","service":"twitter-monitor","timestamp":"2025-07-20 15:03:15"}
{"level":"info","message":"Access the dashboard at /","service":"twitter-monitor","timestamp":"2025-07-20 15:03:15"}
{"level":"info","message":"数据库连接成功","service":"twitter-monitor","timestamp":"2025-07-20 15:03:15"}
{"level":"error","message":"Error fetching dashboard stats: db.getTweetsCount is not a function","service":"twitter-monitor","stack":"TypeError: db.getTweetsCount is not a function\n    at /Users/goldenli/Documents/github/cyber-monitor/src/app.js:26:47","timestamp":"2025-07-20 15:03:23"}
{"level":"error","message":"Error fetching dashboard stats: db.getTweetsCount is not a function","service":"twitter-monitor","stack":"TypeError: db.getTweetsCount is not a function\n    at /Users/goldenli/Documents/github/cyber-monitor/src/app.js:26:47","timestamp":"2025-07-20 15:03:29"}
{"level":"error","message":"Error fetching dashboard stats: db.getTweetsCount is not a function","service":"twitter-monitor","stack":"TypeError: db.getTweetsCount is not a function\n    at /Users/goldenli/Documents/github/cyber-monitor/src/app.js:26:47","timestamp":"2025-07-20 15:03:35"}
{"level":"error","message":"Error fetching tweets: db.getAllTweets is not a function","service":"twitter-monitor","stack":"TypeError: db.getAllTweets is not a function\n    at /Users/goldenli/Documents/github/cyber-monitor/src/app.js:98:31\n    at Layer.handle [as handle_request] (/Users/goldenli/Documents/github/cyber-monitor/node_modules/express/lib/router/layer.js:95:5)\n    at next (/Users/goldenli/Documents/github/cyber-monitor/node_modules/express/lib/router/route.js:149:13)\n    at Route.dispatch (/Users/goldenli/Documents/github/cyber-monitor/node_modules/express/lib/router/route.js:119:3)\n    at Layer.handle [as handle_request] (/Users/goldenli/Documents/github/cyber-monitor/node_modules/express/lib/router/layer.js:95:5)\n    at /Users/goldenli/Documents/github/cyber-monitor/node_modules/express/lib/router/index.js:284:15\n    at Function.process_params (/Users/goldenli/Documents/github/cyber-monitor/node_modules/express/lib/router/index.js:346:12)\n    at next (/Users/goldenli/Documents/github/cyber-monitor/node_modules/express/lib/router/index.js:280:10)\n    at SendStream.error (/Users/goldenli/Documents/github/cyber-monitor/node_modules/serve-static/index.js:121:7)\n    at SendStream.emit (node:events:507:28)","timestamp":"2025-07-20 15:03:40"}
{"level":"error","message":"Error fetching tweets: db.getAllTweets is not a function","service":"twitter-monitor","stack":"TypeError: db.getAllTweets is not a function\n    at /Users/goldenli/Documents/github/cyber-monitor/src/app.js:98:31\n    at Layer.handle [as handle_request] (/Users/goldenli/Documents/github/cyber-monitor/node_modules/express/lib/router/layer.js:95:5)\n    at next (/Users/goldenli/Documents/github/cyber-monitor/node_modules/express/lib/router/route.js:149:13)\n    at Route.dispatch (/Users/goldenli/Documents/github/cyber-monitor/node_modules/express/lib/router/route.js:119:3)\n    at Layer.handle [as handle_request] (/Users/goldenli/Documents/github/cyber-monitor/node_modules/express/lib/router/layer.js:95:5)\n    at /Users/goldenli/Documents/github/cyber-monitor/node_modules/express/lib/router/index.js:284:15\n    at Function.process_params (/Users/goldenli/Documents/github/cyber-monitor/node_modules/express/lib/router/index.js:346:12)\n    at next (/Users/goldenli/Documents/github/cyber-monitor/node_modules/express/lib/router/index.js:280:10)\n    at SendStream.error (/Users/goldenli/Documents/github/cyber-monitor/node_modules/serve-static/index.js:121:7)\n    at SendStream.emit (node:events:507:28)","timestamp":"2025-07-20 15:03:45"}
{"level":"error","message":"Error fetching dashboard stats: db.getTweetsCount is not a function","service":"twitter-monitor","stack":"TypeError: db.getTweetsCount is not a function\n    at /Users/goldenli/Documents/github/cyber-monitor/src/app.js:26:47","timestamp":"2025-07-20 15:03:48"}
{"level":"error","message":"Error fetching tweets: db.getAllTweets is not a function","service":"twitter-monitor","stack":"TypeError: db.getAllTweets is not a function\n    at /Users/goldenli/Documents/github/cyber-monitor/src/app.js:98:31\n    at Layer.handle [as handle_request] (/Users/goldenli/Documents/github/cyber-monitor/node_modules/express/lib/router/layer.js:95:5)\n    at next (/Users/goldenli/Documents/github/cyber-monitor/node_modules/express/lib/router/route.js:149:13)\n    at Route.dispatch (/Users/goldenli/Documents/github/cyber-monitor/node_modules/express/lib/router/route.js:119:3)\n    at Layer.handle [as handle_request] (/Users/goldenli/Documents/github/cyber-monitor/node_modules/express/lib/router/layer.js:95:5)\n    at /Users/goldenli/Documents/github/cyber-monitor/node_modules/express/lib/router/index.js:284:15\n    at Function.process_params (/Users/goldenli/Documents/github/cyber-monitor/node_modules/express/lib/router/index.js:346:12)\n    at next (/Users/goldenli/Documents/github/cyber-monitor/node_modules/express/lib/router/index.js:280:10)\n    at SendStream.error (/Users/goldenli/Documents/github/cyber-monitor/node_modules/serve-static/index.js:121:7)\n    at SendStream.emit (node:events:507:28)","timestamp":"2025-07-20 15:04:00"}
{"level":"error","message":"Error fetching dashboard stats: db.getTweetsCount is not a function","service":"twitter-monitor","stack":"TypeError: db.getTweetsCount is not a function\n    at /Users/goldenli/Documents/github/cyber-monitor/src/app.js:26:47","timestamp":"2025-07-20 15:04:37"}
{"level":"error","message":"Error fetching tweets: db.getAllTweets is not a function","service":"twitter-monitor","stack":"TypeError: db.getAllTweets is not a function\n    at /Users/goldenli/Documents/github/cyber-monitor/src/app.js:98:31\n    at Layer.handle [as handle_request] (/Users/goldenli/Documents/github/cyber-monitor/node_modules/express/lib/router/layer.js:95:5)\n    at next (/Users/goldenli/Documents/github/cyber-monitor/node_modules/express/lib/router/route.js:149:13)\n    at Route.dispatch (/Users/goldenli/Documents/github/cyber-monitor/node_modules/express/lib/router/route.js:119:3)\n    at Layer.handle [as handle_request] (/Users/goldenli/Documents/github/cyber-monitor/node_modules/express/lib/router/layer.js:95:5)\n    at /Users/goldenli/Documents/github/cyber-monitor/node_modules/express/lib/router/index.js:284:15\n    at Function.process_params (/Users/goldenli/Documents/github/cyber-monitor/node_modules/express/lib/router/index.js:346:12)\n    at next (/Users/goldenli/Documents/github/cyber-monitor/node_modules/express/lib/router/index.js:280:10)\n    at SendStream.error (/Users/goldenli/Documents/github/cyber-monitor/node_modules/serve-static/index.js:121:7)\n    at SendStream.emit (node:events:507:28)","timestamp":"2025-07-20 15:04:42"}
{"level":"error","message":"Error fetching dashboard stats: db.getTweetsCount is not a function","service":"twitter-monitor","stack":"TypeError: db.getTweetsCount is not a function\n    at /Users/goldenli/Documents/github/cyber-monitor/src/app.js:26:47","timestamp":"2025-07-20 15:05:02"}
{"level":"error","message":"Error fetching dashboard stats: db.getTweetsCount is not a function","service":"twitter-monitor","stack":"TypeError: db.getTweetsCount is not a function\n    at /Users/goldenli/Documents/github/cyber-monitor/src/app.js:26:47","timestamp":"2025-07-20 15:05:05"}
{"level":"info","message":"NTFY notifications are disabled due to missing configuration.","service":"twitter-monitor","timestamp":"2025-07-20 15:05:10"}
{"level":"error","message":"Error fetching dashboard stats: db.getTweetsCount is not a function","service":"twitter-monitor","stack":"TypeError: db.getTweetsCount is not a function\n    at /Users/goldenli/Documents/github/cyber-monitor/src/app.js:26:47","timestamp":"2025-07-20 15:05:51"}
{"level":"info","message":"NTFY notifications are disabled due to missing configuration.","service":"twitter-monitor","timestamp":"2025-07-20 15:06:17"}
{"level":"error","message":"Error fetching tweets: db.getAllTweets is not a function","service":"twitter-monitor","stack":"TypeError: db.getAllTweets is not a function\n    at /Users/goldenli/Documents/github/cyber-monitor/src/app.js:98:31\n    at Layer.handle [as handle_request] (/Users/goldenli/Documents/github/cyber-monitor/node_modules/express/lib/router/layer.js:95:5)\n    at next (/Users/goldenli/Documents/github/cyber-monitor/node_modules/express/lib/router/route.js:149:13)\n    at Route.dispatch (/Users/goldenli/Documents/github/cyber-monitor/node_modules/express/lib/router/route.js:119:3)\n    at Layer.handle [as handle_request] (/Users/goldenli/Documents/github/cyber-monitor/node_modules/express/lib/router/layer.js:95:5)\n    at /Users/goldenli/Documents/github/cyber-monitor/node_modules/express/lib/router/index.js:284:15\n    at Function.process_params (/Users/goldenli/Documents/github/cyber-monitor/node_modules/express/lib/router/index.js:346:12)\n    at next (/Users/goldenli/Documents/github/cyber-monitor/node_modules/express/lib/router/index.js:280:10)\n    at SendStream.error (/Users/goldenli/Documents/github/cyber-monitor/node_modules/serve-static/index.js:121:7)\n    at SendStream.emit (node:events:507:28)","timestamp":"2025-07-20 15:06:25"}
{"level":"error","message":"Error fetching dashboard stats: db.getTweetsCount is not a function","service":"twitter-monitor","stack":"TypeError: db.getTweetsCount is not a function\n    at /Users/goldenli/Documents/github/cyber-monitor/src/app.js:26:47","timestamp":"2025-07-20 15:06:37"}
{"level":"error","message":"Error fetching dashboard stats: db.getTweetsCount is not a function","service":"twitter-monitor","stack":"TypeError: db.getTweetsCount is not a function\n    at /Users/goldenli/Documents/github/cyber-monitor/src/app.js:26:47","timestamp":"2025-07-20 15:06:39"}
{"level":"error","message":"Error fetching tweets: db.getAllTweets is not a function","service":"twitter-monitor","stack":"TypeError: db.getAllTweets is not a function\n    at /Users/goldenli/Documents/github/cyber-monitor/src/app.js:98:31\n    at Layer.handle [as handle_request] (/Users/goldenli/Documents/github/cyber-monitor/node_modules/express/lib/router/layer.js:95:5)\n    at next (/Users/goldenli/Documents/github/cyber-monitor/node_modules/express/lib/router/route.js:149:13)\n    at Route.dispatch (/Users/goldenli/Documents/github/cyber-monitor/node_modules/express/lib/router/route.js:119:3)\n    at Layer.handle [as handle_request] (/Users/goldenli/Documents/github/cyber-monitor/node_modules/express/lib/router/layer.js:95:5)\n    at /Users/goldenli/Documents/github/cyber-monitor/node_modules/express/lib/router/index.js:284:15\n    at Function.process_params (/Users/goldenli/Documents/github/cyber-monitor/node_modules/express/lib/router/index.js:346:12)\n    at next (/Users/goldenli/Documents/github/cyber-monitor/node_modules/express/lib/router/index.js:280:10)\n    at SendStream.error (/Users/goldenli/Documents/github/cyber-monitor/node_modules/serve-static/index.js:121:7)\n    at SendStream.emit (node:events:507:28)","timestamp":"2025-07-20 15:10:30"}
{"level":"error","message":"Error fetching dashboard stats: db.getTweetsCount is not a function","service":"twitter-monitor","stack":"TypeError: db.getTweetsCount is not a function\n    at /Users/goldenli/Documents/github/cyber-monitor/src/app.js:26:47","timestamp":"2025-07-20 15:10:39"}
{"level":"info","message":"Starting integrated monitoring and analysis service...","service":"twitter-monitor","timestamp":"2025-07-20 15:10:54"}
{"level":"warn","message":"No Twitter accounts configured. Please add accounts to start monitoring.","service":"twitter-monitor","timestamp":"2025-07-20 15:10:54"}
{"level":"error","message":"Error fetching dashboard stats: db.getTweetsCount is not a function","service":"twitter-monitor","stack":"TypeError: db.getTweetsCount is not a function\n    at /Users/goldenli/Documents/github/cyber-monitor/src/app.js:26:47","timestamp":"2025-07-20 15:10:56"}
{"level":"info","message":"Starting integrated monitoring and analysis service...","service":"twitter-monitor","timestamp":"2025-07-20 15:10:59"}
{"level":"warn","message":"No Twitter accounts configured. Please add accounts to start monitoring.","service":"twitter-monitor","timestamp":"2025-07-20 15:10:59"}
{"level":"error","message":"Error fetching dashboard stats: db.getTweetsCount is not a function","service":"twitter-monitor","stack":"TypeError: db.getTweetsCount is not a function\n    at /Users/goldenli/Documents/github/cyber-monitor/src/app.js:26:47","timestamp":"2025-07-20 15:11:00"}
{"level":"error","message":"Error fetching dashboard stats: db.getTweetsCount is not a function","service":"twitter-monitor","stack":"TypeError: db.getTweetsCount is not a function\n    at /Users/goldenli/Documents/github/cyber-monitor/src/app.js:26:47","timestamp":"2025-07-20 15:11:04"}
{"error":{"code":"SQLITE_CONSTRAINT","errno":19},"level":"error","message":"SQL执行失败:","params":[null,null,null,null,null,null,null,null],"service":"twitter-monitor","sql":"INSERT INTO monitored_accounts \n       (username, user_id, display_name, profile_image_url, description, followers_count, following_count, tweet_count) \n       VALUES (?, ?, ?, ?, ?, ?, ?, ?)","timestamp":"2025-07-20 15:12:42"}
{"code":"SQLITE_CONSTRAINT","errno":19,"level":"error","message":"Error adding account: SQLITE_CONSTRAINT: NOT NULL constraint failed: monitored_accounts.username","service":"twitter-monitor","stack":"Error: SQLITE_CONSTRAINT: NOT NULL constraint failed: monitored_accounts.username","timestamp":"2025-07-20 15:12:42"}
{"error":{"code":"SQLITE_CONSTRAINT","errno":19},"level":"error","message":"SQL执行失败:","params":[null,null,null,null,null,null,null,null],"service":"twitter-monitor","sql":"INSERT INTO monitored_accounts \n       (username, user_id, display_name, profile_image_url, description, followers_count, following_count, tweet_count) \n       VALUES (?, ?, ?, ?, ?, ?, ?, ?)","timestamp":"2025-07-20 15:12:46"}
{"code":"SQLITE_CONSTRAINT","errno":19,"level":"error","message":"Error adding account: SQLITE_CONSTRAINT: NOT NULL constraint failed: monitored_accounts.username","service":"twitter-monitor","stack":"Error: SQLITE_CONSTRAINT: NOT NULL constraint failed: monitored_accounts.username","timestamp":"2025-07-20 15:12:46"}
{"level":"info","message":"Shutting down server...","service":"twitter-monitor","timestamp":"2025-07-20 15:42:46"}
{"level":"warn","message":"NTFY_SERVER or NTFY_TOPIC not configured. Notifications will be disabled.","service":"twitter-monitor","timestamp":"2025-07-20 15:43:52"}
{"level":"info","message":"Server is running on http://localhost:3000","service":"twitter-monitor","timestamp":"2025-07-20 15:43:52"}
{"level":"info","message":"Access the dashboard at /","service":"twitter-monitor","timestamp":"2025-07-20 15:43:52"}
{"level":"info","message":"数据库连接成功","service":"twitter-monitor","timestamp":"2025-07-20 15:43:52"}
{"level":"error","message":"Error fetching dashboard stats: db.getLatestTweetAnalysis is not a function","service":"twitter-monitor","stack":"TypeError: db.getLatestTweetAnalysis is not a function\n    at /Users/goldenli/Documents/github/cyber-monitor/src/app.js:27:41","timestamp":"2025-07-20 15:44:04"}
{"level":"warn","message":"NTFY_SERVER or NTFY_TOPIC not configured. Notifications will be disabled.","service":"twitter-monitor","timestamp":"2025-07-20 15:44:23"}
{"level":"info","message":"Server is running on http://localhost:3000","service":"twitter-monitor","timestamp":"2025-07-20 15:44:23"}
{"level":"info","message":"Access the dashboard at /","service":"twitter-monitor","timestamp":"2025-07-20 15:44:23"}
{"level":"info","message":"数据库连接成功","service":"twitter-monitor","timestamp":"2025-07-20 15:44:23"}
{"level":"warn","message":"NTFY_SERVER or NTFY_TOPIC not configured. Notifications will be disabled.","service":"twitter-monitor","timestamp":"2025-07-20 16:38:24"}
{"level":"info","message":"Server is running on http://localhost:3000","service":"twitter-monitor","timestamp":"2025-07-20 16:38:24"}
{"level":"info","message":"Access the dashboard at /","service":"twitter-monitor","timestamp":"2025-07-20 16:38:24"}
{"level":"info","message":"数据库连接成功","service":"twitter-monitor","timestamp":"2025-07-20 16:38:24"}
{"error":{"code":"SQLITE_CONSTRAINT","errno":19},"level":"error","message":"SQL执行失败:","params":[null,null,null,null,null,null,null,null],"service":"twitter-monitor","sql":"INSERT INTO monitored_accounts \n       (username, user_id, display_name, profile_image_url, description, followers_count, following_count, tweet_count) \n       VALUES (?, ?, ?, ?, ?, ?, ?, ?)","timestamp":"2025-07-20 16:48:04"}
{"code":"SQLITE_CONSTRAINT","errno":19,"level":"error","message":"Error adding account: SQLITE_CONSTRAINT: NOT NULL constraint failed: monitored_accounts.username","service":"twitter-monitor","stack":"Error: SQLITE_CONSTRAINT: NOT NULL constraint failed: monitored_accounts.username","timestamp":"2025-07-20 16:48:04"}
{"level":"warn","message":"NTFY_SERVER or NTFY_TOPIC not configured. Notifications will be disabled.","service":"twitter-monitor","timestamp":"2025-07-20 16:50:04"}
{"level":"info","message":"Server is running on http://localhost:3000","service":"twitter-monitor","timestamp":"2025-07-20 16:50:04"}
{"level":"info","message":"Access the dashboard at /","service":"twitter-monitor","timestamp":"2025-07-20 16:50:04"}
{"level":"info","message":"数据库连接成功","service":"twitter-monitor","timestamp":"2025-07-20 16:50:04"}
{"level":"warn","message":"NTFY_SERVER or NTFY_TOPIC not configured. Notifications will be disabled.","service":"twitter-monitor","timestamp":"2025-07-20 16:51:43"}
{"level":"info","message":"Server is running on http://localhost:3000","service":"twitter-monitor","timestamp":"2025-07-20 16:51:43"}
{"level":"info","message":"Access the dashboard at /","service":"twitter-monitor","timestamp":"2025-07-20 16:51:43"}
{"level":"info","message":"数据库连接成功","service":"twitter-monitor","timestamp":"2025-07-20 16:51:43"}
{"error":{"code":"SQLITE_CONSTRAINT","errno":19},"level":"error","message":"SQL执行失败:","params":[null,null,null,null,null,null,null,null],"service":"twitter-monitor","sql":"INSERT INTO monitored_accounts \n       (username, user_id, display_name, profile_image_url, description, followers_count, following_count, tweet_count) \n       VALUES (?, ?, ?, ?, ?, ?, ?, ?)","timestamp":"2025-07-20 16:52:45"}
{"code":"SQLITE_CONSTRAINT","errno":19,"level":"error","message":"Error adding account: SQLITE_CONSTRAINT: NOT NULL constraint failed: monitored_accounts.username","service":"twitter-monitor","stack":"Error: SQLITE_CONSTRAINT: NOT NULL constraint failed: monitored_accounts.username","timestamp":"2025-07-20 16:52:45"}
{"level":"warn","message":"NTFY_SERVER or NTFY_TOPIC not configured. Notifications will be disabled.","service":"twitter-monitor","timestamp":"2025-07-20 16:54:18"}
{"level":"info","message":"Server is running on http://localhost:3000","service":"twitter-monitor","timestamp":"2025-07-20 16:54:18"}
{"level":"info","message":"Access the dashboard at /","service":"twitter-monitor","timestamp":"2025-07-20 16:54:18"}
{"level":"info","message":"数据库连接成功","service":"twitter-monitor","timestamp":"2025-07-20 16:54:18"}
